# JRE version: Java(TM) SE Runtime Environment 18.9 (11.0.12+8) (build 11.0.12+8-LTS-237)
# Java VM: Java HotSpot(TM) 64-Bit Server VM 18.9 (11.0.12+8-LTS-237, mixed mode, tiered, compressed oops, g1 gc, windows-amd64)
Heap:
 garbage-first heap   total 122880K, used 21456K [0x0000000088800000, 0x0000000100000000)
  region size 1024K, 17 young (17408K), 6 survivors (6144K)
 Metaspace       used 23989K, capacity 24468K, committed 24576K, reserved 1071104K
  class space    used 2538K, capacity 2728K, committed 2816K, reserved 1048576K
GC Heap History (10 events):
Event: 8.323 GC heap before
{Heap before GC invocations=3 (full 0):
 garbage-first heap   total 122880K, used 20001K [0x0000000088800000, 0x0000000100000000)
  region size 1024K, 19 young (19456K), 2 survivors (2048K)
 Metaspace       used 14334K, capacity 14549K, committed 14720K, reserved 1062912K
  class space    used 1472K, capacity 1546K, committed 1664K, reserved 1048576K
}
Event: 8.333 GC heap after
{Heap after GC invocations=4 (full 0):
 garbage-first heap   total 122880K, used 4106K [0x0000000088800000, 0x0000000100000000)
  region size 1024K, 2 young (2048K), 2 survivors (2048K)
 Metaspace       used 14334K, capacity 14549K, committed 14720K, reserved 1062912K
  class space    used 1472K, capacity 1546K, committed 1664K, reserved 1048576K
}
Event: 16.566 GC heap before
{Heap before GC invocations=4 (full 0):
 garbage-first heap   total 122880K, used 33802K [0x0000000088800000, 0x0000000100000000)
  region size 1024K, 31 young (31744K), 2 survivors (2048K)
 Metaspace       used 19629K, capacity 20020K, committed 20224K, reserved 1067008K
  class space    used 2123K, capacity 2248K, committed 2304K, reserved 1048576K
}
Event: 16.592 GC heap after
{Heap after GC invocations=5 (full 0):
 garbage-first heap   total 122880K, used 6031K [0x0000000088800000, 0x0000000100000000)
  region size 1024K, 4 young (4096K), 4 survivors (4096K)
 Metaspace       used 19629K, capacity 20020K, committed 20224K, reserved 1067008K
  class space    used 2123K, capacity 2248K, committed 2304K, reserved 1048576K
}
Event: 20.065 GC heap before
{Heap before GC invocations=5 (full 0):
 garbage-first heap   total 122880K, used 18319K [0x0000000088800000, 0x0000000100000000)
  region size 1024K, 17 young (17408K), 4 survivors (4096K)
 Metaspace       used 20621K, capacity 21026K, committed 21248K, reserved 1069056K
  class space    used 2192K, capacity 2286K, committed 2304K, reserved 1048576K
}
Event: 20.089 GC heap after
{Heap after GC invocations=6 (full 0):
 garbage-first heap   total 122880K, used 7086K [0x0000000088800000, 0x0000000100000000)
  region size 1024K, 4 young (4096K), 4 survivors (4096K)
 Metaspace       used 20621K, capacity 21026K, committed 21248K, reserved 1069056K
  class space    used 2192K, capacity 2286K, committed 2304K, reserved 1048576K
}
Event: 26.292 GC heap before
{Heap before GC invocations=7 (full 0):
 garbage-first heap   total 122880K, used 42926K [0x0000000088800000, 0x0000000100000000)
  region size 1024K, 39 young (39936K), 4 survivors (4096K)
 Metaspace       used 21351K, capacity 21704K, committed 21888K, reserved 1069056K
  class space    used 2223K, capacity 2319K, committed 2432K, reserved 1048576K
}
Event: 26.320 GC heap after
{Heap after GC invocations=8 (full 0):
 garbage-first heap   total 122880K, used 9232K [0x0000000088800000, 0x0000000100000000)
  region size 1024K, 4 young (4096K), 4 survivors (4096K)
 Metaspace       used 21351K, capacity 21704K, committed 21888K, reserved 1069056K
  class space    used 2223K, capacity 2319K, committed 2432K, reserved 1048576K
}
Event: 34.380 GC heap before
{Heap before GC invocations=8 (full 0):
 garbage-first heap   total 122880K, used 55312K [0x0000000088800000, 0x0000000100000000)
  region size 1024K, 49 young (50176K), 4 survivors (4096K)
 Metaspace       used 23813K, capacity 24337K, committed 24576K, reserved 1071104K
  class space    used 2537K, capacity 2727K, committed 2816K, reserved 1048576K
}
Event: 34.400 GC heap after
{Heap after GC invocations=9 (full 0):
 garbage-first heap   total 122880K, used 11216K [0x0000000088800000, 0x0000000100000000)
  region size 1024K, 6 young (6144K), 6 survivors (6144K)
 Metaspace       used 23813K, capacity 24337K, committed 24576K, reserved 1071104K
  class space    used 2537K, capacity 2727K, committed 2816K, reserved 1048576K
}

